<?xml version="1.0" encoding="UTF-8"?>
<testng-results skipped="0" failed="0" ignored="0" total="0" passed="0">
  <reporter-output>
  </reporter-output>
  <suite name="Default suite" duration-ms="357" started-at="2018-11-13T11:47:41Z" finished-at="2018-11-13T11:47:42Z">
    <groups>
    </groups>
    <test name="Default test" duration-ms="357" started-at="2018-11-13T11:47:41Z" finished-at="2018-11-13T11:47:42Z">
      <class name="base.TestBase">
        <test-method status="PASS" signature="setUp()[pri:0, instance:base.TestBase@12cdcf4]" name="setUp" is-config="true" duration-ms="15070" started-at="2018-11-13T11:47:26Z" finished-at="2018-11-13T11:47:41Z">
          <reporter-output>
          </reporter-output>
        </test-method> <!-- setUp -->
        <test-method status="PASS" signature="tearDown()[pri:0, instance:base.TestBase@12cdcf4]" name="tearDown" is-config="true" duration-ms="1340" started-at="2018-11-13T11:47:42Z" finished-at="2018-11-13T11:47:43Z">
          <reporter-output>
          </reporter-output>
        </test-method> <!-- tearDown -->
      </class> <!-- base.TestBase -->
    </test> <!-- Default test -->
  </suite> <!-- Default suite -->
</testng-results>
