<?xml version="1.0" encoding="UTF-8"?>
<testng-results skipped="0" failed="0" ignored="0" total="1" passed="1">
  <reporter-output>
  </reporter-output>
  <suite name="Default suite" duration-ms="1189" started-at="2018-11-13T11:22:54Z" finished-at="2018-11-13T11:22:56Z">
    <groups>
    </groups>
    <test name="Default test" duration-ms="1189" started-at="2018-11-13T11:22:54Z" finished-at="2018-11-13T11:22:56Z">
      <class name="base.TestBase">
        <test-method status="PASS" signature="setUp()[pri:0, instance:base.TestBase@371a67ec]" name="setUp" is-config="true" duration-ms="118212" started-at="2018-11-13T11:20:56Z" finished-at="2018-11-13T11:22:54Z">
          <reporter-output>
          </reporter-output>
        </test-method> <!-- setUp -->
        <test-method status="PASS" signature="test()[pri:0, instance:base.TestBase@371a67ec]" name="test" duration-ms="8" started-at="2018-11-13T11:22:56Z" finished-at="2018-11-13T11:22:56Z">
          <reporter-output>
          </reporter-output>
        </test-method> <!-- test -->
        <test-method status="PASS" signature="tearDown()[pri:0, instance:base.TestBase@371a67ec]" name="tearDown" is-config="true" duration-ms="1628" started-at="2018-11-13T11:22:56Z" finished-at="2018-11-13T11:22:58Z">
          <reporter-output>
          </reporter-output>
        </test-method> <!-- tearDown -->
      </class> <!-- base.TestBase -->
    </test> <!-- Default test -->
  </suite> <!-- Default suite -->
</testng-results>
